E:\FUX-PROJECT\GAME\GAME.EXE
E:\fux-project\Game\Game.exp
E:\fux-project\Game\Game.lib
E:\FUX-PROJECT\GAME\GAME.PDB
E:\fux-project\Player\GamePlayer\/../../Game\Game.exe
E:\fux-project\Player\GamePlayer\/../../Game\Game.pdb
E:\FUX-PROJECT\PLAYER\GAMEPLAYER\GAMEPLAYER\RELEASE\APIHOOK.OBJ
E:\FUX-PROJECT\PLAYER\GAMEPLAYER\GAMEPLAYER\RELEASE\BASE64.OBJ
E:\fux-project\Player\GamePlayer\GamePlayer\Release\cl.command.1.tlog
E:\fux-project\Player\GamePlayer\GamePlayer\Release\CL.read.1.tlog
E:\fux-project\Player\GamePlayer\GamePlayer\Release\CL.write.1.tlog
E:\FUX-PROJECT\PLAYER\GAMEPLAYER\GAMEPLAYER\RELEASE\ENTRY.OBJ
E:\FUX-PROJECT\PLAYER\GAMEPLAYER\GAMEPLAYER\RELEASE\GAME.EXE.INTERMEDIATE.MANIFEST
E:\FUX-PROJECT\PLAYER\GAMEPLAYER\GAMEPLAYER\RELEASE\GAMEPLAYER.OBJ
E:\FUX-PROJECT\PLAYER\GAMEPLAYER\GAMEPLAYER\RELEASE\GAMEPLAYER.RES
E:\fux-project\Player\GamePlayer\GamePlayer\Release\GamePlayer.write.1.tlog
E:\fux-project\Player\GamePlayer\GamePlayer\Release\link.command.1.tlog
E:\fux-project\Player\GamePlayer\GamePlayer\Release\link.read.1.tlog
E:\fux-project\Player\GamePlayer\GamePlayer\Release\link.read.2.tlog
E:\fux-project\Player\GamePlayer\GamePlayer\Release\link.read.3.tlog
E:\fux-project\Player\GamePlayer\GamePlayer\Release\link.read.4.tlog
E:\fux-project\Player\GamePlayer\GamePlayer\Release\link.read.5.tlog
E:\fux-project\Player\GamePlayer\GamePlayer\Release\link.write.1.tlog
E:\fux-project\Player\GamePlayer\GamePlayer\Release\link-cvtres.read.1.tlog
E:\fux-project\Player\GamePlayer\GamePlayer\Release\link-cvtres.write.1.tlog
E:\fux-project\Player\GamePlayer\GamePlayer\Release\mt.command.1.tlog
E:\fux-project\Player\GamePlayer\GamePlayer\Release\mt.read.1.tlog
E:\fux-project\Player\GamePlayer\GamePlayer\Release\mt.write.1.tlog
E:\fux-project\Player\GamePlayer\GamePlayer\Release\rc.command.1.tlog
E:\fux-project\Player\GamePlayer\GamePlayer\Release\rc.read.1.tlog
E:\fux-project\Player\GamePlayer\GamePlayer\Release\rc.write.1.tlog
E:\FUX-PROJECT\PLAYER\GAMEPLAYER\GAMEPLAYER\RELEASE\VC110.PDB
