E:\FUX-PROJECT\GAME\GAME.EXE
E:\FUX-PROJECT\GAME\GAME.ILK
E:\FUX-PROJECT\GAME\GAME.PDB
E:\FUX-PROJECT\GAME\GAMEPLAYER.EXE
E:\FUX-PROJECT\GAME\GAMEPLAYER.ILK
E:\FUX-PROJECT\GAME\GAMEPLAYER.PDB
E:\fux-project\Player\GamePlayer\/../../Game\Game.exe
E:\fux-project\Player\GamePlayer\/../../Game\Game.ilk
E:\fux-project\Player\GamePlayer\/../../Game\Game.pdb
E:\FUX-PROJECT\PLAYER\GAMEPLAYER\GAMEPLAYER\DEBUG\APIHOOK.OBJ
E:\fux-project\Player\GamePlayer\GamePlayer\Debug\cl.command.1.tlog
E:\fux-project\Player\GamePlayer\GamePlayer\Debug\CL.read.1.tlog
E:\fux-project\Player\GamePlayer\GamePlayer\Debug\CL.write.1.tlog
E:\FUX-PROJECT\PLAYER\GAMEPLAYER\GAMEPLAYER\DEBUG\ENTRY.OBJ
E:\FUX-PROJECT\PLAYER\GAMEPLAYER\GAMEPLAYER\DEBUG\GAME.EXE.EMBED.MANIFEST
E:\FUX-PROJECT\PLAYER\GAMEPLAYER\GAMEPLAYER\DEBUG\GAME.EXE.EMBED.MANIFEST.RES
E:\FUX-PROJECT\PLAYER\GAMEPLAYER\GAMEPLAYER\DEBUG\GAME.EXE.INTERMEDIATE.MANIFEST
E:\fux-project\Player\GamePlayer\GamePlayer\Debug\Game_manifest.rc
E:\FUX-PROJECT\PLAYER\GAMEPLAYER\GAMEPLAYER\DEBUG\GAMEPLAYER.EXE.EMBED.MANIFEST
E:\FUX-PROJECT\PLAYER\GAMEPLAYER\GAMEPLAYER\DEBUG\GAMEPLAYER.EXE.EMBED.MANIFEST.RES
E:\FUX-PROJECT\PLAYER\GAMEPLAYER\GAMEPLAYER\DEBUG\GAMEPLAYER.EXE.INTERMEDIATE.MANIFEST
E:\FUX-PROJECT\PLAYER\GAMEPLAYER\GAMEPLAYER\DEBUG\GAMEPLAYER.OBJ
E:\fux-project\Player\GamePlayer\GamePlayer\Debug\GamePlayer_manifest.rc
E:\FUX-PROJECT\PLAYER\GAMEPLAYER\GAMEPLAYER\DEBUG\IEXTENDMODULE.OBJ
E:\fux-project\Player\GamePlayer\GamePlayer\Debug\link.1468.read.1.tlog
E:\fux-project\Player\GamePlayer\GamePlayer\Debug\link.1468.write.1.tlog
E:\fux-project\Player\GamePlayer\GamePlayer\Debug\link.1468-cvtres.read.1.tlog
E:\fux-project\Player\GamePlayer\GamePlayer\Debug\link.1468-cvtres.write.1.tlog
E:\fux-project\Player\GamePlayer\GamePlayer\Debug\link.9944.read.1.tlog
E:\fux-project\Player\GamePlayer\GamePlayer\Debug\link.9944.write.1.tlog
E:\fux-project\Player\GamePlayer\GamePlayer\Debug\link.9944-cvtres.read.1.tlog
E:\fux-project\Player\GamePlayer\GamePlayer\Debug\link.9944-cvtres.write.1.tlog
E:\fux-project\Player\GamePlayer\GamePlayer\Debug\link.command.1.tlog
E:\fux-project\Player\GamePlayer\GamePlayer\Debug\link.read.1.tlog
E:\fux-project\Player\GamePlayer\GamePlayer\Debug\link.write.1.tlog
E:\fux-project\Player\GamePlayer\GamePlayer\Debug\link-cvtres.read.1.tlog
E:\fux-project\Player\GamePlayer\GamePlayer\Debug\link-cvtres.write.1.tlog
E:\fux-project\Player\GamePlayer\GamePlayer\Debug\mt.command.1.tlog
E:\fux-project\Player\GamePlayer\GamePlayer\Debug\mt.read.1.tlog
E:\fux-project\Player\GamePlayer\GamePlayer\Debug\mt.write.1.tlog
E:\fux-project\Player\GamePlayer\GamePlayer\Debug\rc.command.1.tlog
E:\fux-project\Player\GamePlayer\GamePlayer\Debug\rc.read.1.tlog
E:\fux-project\Player\GamePlayer\GamePlayer\Debug\rc.write.1.tlog
E:\FUX-PROJECT\PLAYER\GAMEPLAYER\GAMEPLAYER\DEBUG\RGSSX.OBJ
E:\fux-project\Player\GamePlayer\GamePlayer\Debug\vc110.idb
E:\FUX-PROJECT\PLAYER\GAMEPLAYER\GAMEPLAYER\DEBUG\VC110.PDB
